/home/dm2/IdeaProjects/lakehouse/demo/conf
datasets
dataset-sql-model
datasource
load.log
load.sh
name-spaces
quality-metrics
scenario-act-templates
schedules
taskexecutionservicegroups
server is 127.0.0.1:8080/v1_0/configs
HTTP/1.1 201 
Content-Type: application/json
Transfer-Encoding: chunked
Date: Sat, 08 Nov 2025 09:41:06 GMT

{"keyName":"DEMO","description":"Demo space"}HTTP/1.1 201 
Content-Disposition: inline;filename=f.txt
Content-Type: text/plain;charset=UTF-8
Content-Length: 541
Date: Sat, 08 Nov 2025 09:41:06 GMT


select * from (
select 1 id, 'one' name,  TIMESTAMP WITH TIME ZONE '{{ targetIntervalStartTZ }}' as reg_date_time union all
select 2 id, 'two' name,  TIMESTAMP WITH TIME ZONE '{{ targetIntervalStartTZ }}' as reg_date_time union all
select 3 id, 'three' name,  TIMESTAMP WITH TIME ZONE '{{ targetIntervalStartTZ }}' as reg_date_time union all
select 4 id, 'four' name,  TIMESTAMP WITH TIME ZONE '{{ targetIntervalStartTZ }}' as reg_date_time
)c1
where  not exists(select * from {{source('DEMO','client_processing')}}  c2 where c2.id = c1.id)HTTP/1.1 201 
Content-Disposition: inline;filename=f.txt
Content-Type: text/plain;charset=UTF-8
Content-Length: 1155
Date: Sat, 08 Nov 2025 09:41:06 GMT

select  TIMESTAMP WITH TIME ZONE '{{ targetIntervalStartTZ }}' as reg_date_time , 1 client_id ,2 provider_id,1000 amount,2 commission union all
select  TIMESTAMP WITH TIME ZONE '{{ targetIntervalStartTZ }}', 2,3,2000,2 union all
select  TIMESTAMP WITH TIME ZONE '{{ targetIntervalStartTZ }}', 3,4,3000,2 union all
select  TIMESTAMP WITH TIME ZONE '{{ targetIntervalStartTZ }}', 1,1,4000,2 union all
select  TIMESTAMP WITH TIME ZONE '{{ targetIntervalStartTZ }}', 2,2,1000,2 union all
select  TIMESTAMP WITH TIME ZONE '{{ targetIntervalStartTZ }}', 3,3,3000,2 union all
select  TIMESTAMP WITH TIME ZONE '{{ targetIntervalStartTZ }}', 1,4,45000,2 union all
select  TIMESTAMP WITH TIME ZONE '{{ targetIntervalStartTZ }}', 3,1,100,2 union all
select  TIMESTAMP WITH TIME ZONE '{{ targetIntervalStartTZ }}', 1,3,4000,2 union all
select  TIMESTAMP WITH TIME ZONE '{{ targetIntervalStartTZ }}', 4,4,1000,2 union all
select  TIMESTAMP WITH TIME ZONE '{{ targetIntervalStartTZ }}', 1,3,33000,2 union all
select  TIMESTAMP WITH TIME ZONE '{{ targetIntervalStartTZ }}', 3,2,1300,2 union all
select  TIMESTAMP WITH TIME ZONE '{{ targetIntervalStartTZ }}', 4,2,1400,2
HTTP/1.1 201 
Content-Disposition: inline;filename=f.txt
Content-Type: text/plain;charset=UTF-8
Content-Length: 400
Date: Sat, 08 Nov 2025 09:41:06 GMT

select t.id id
     , t.reg_date_time
     , c.id   as client_id
     , c.name as client_name
     , t.provider_id
     , t.amount
     , t.commission
from ${source(transaction_processing)} t
join ${source(client_processing)} c
  on t.client_id = c.id
 where
   t.reg_date_time >= timestamp '{{ targetIntervalStartTZ }}' and
   t.reg_date_time < timestamp '{{ targetIntervalEndTZ }}'
-- NB spark sql
HTTP/1.1 201 
Content-Disposition: inline;filename=f.txt
Content-Type: text/plain;charset=UTF-8
Content-Length: 389
Date: Sat, 08 Nov 2025 09:41:06 GMT

select date_trunc('dd', reg_date_time) as reg_date
     , client_name
     , sum(amount)     as sum_amount
     , sum(amount * commission / 100) sum_commission
from ${source(transaction_dds)} t
where
   t.reg_date_time >= timestamp '{{ targetIntervalStartTZ }}' and
   t.reg_date_time < timestamp '{{ targetIntervalEndTZ }}'
 group by client_name
        , date_trunc('dd', reg_date_time)
HTTP/1.1 201 
Content-Disposition: inline;filename=f.txt
Content-Type: text/plain;charset=UTF-8
Content-Length: 161
Date: Sat, 08 Nov 2025 09:41:06 GMT

select client_name
     , sum(amount)     as sum_amount
     , sum(commission) as sum_commission
from  {{source('DEMO','transaction_dds')}}
group by client_name
HTTP/1.1 500 
Content-Type: application/json
Transfer-Encoding: chunked
Date: Sat, 08 Nov 2025 09:41:06 GMT
Connection: close

{"timestamp":"2025-11-08T09:41:06.432+00:00","status":500,"error":"Internal Server Error","path":"/v1_0/configs/datasets"}HTTP/1.1 201 
Content-Type: application/json
Transfer-Encoding: chunked
Date: Sat, 08 Nov 2025 09:41:06 GMT

{"keyName":"transaction_processing","nameSpaceKeyName":"DEMO","dataSourceKeyName":"processingdb","fullTableName":"proc.transactions","sources":[],"columnSchema":[{"name":"id","description":"tx id","dataType":"serial","nullable":false,"order":0,"sequence":false},{"name":"amount","description":"Amount paid by the client","dataType":"decimal","nullable":false,"order":null,"sequence":false},{"name":"client_id","description":"from client","dataType":"integer","nullable":false,"order":null,"sequence":false},{"name":"commission","description":"Commission due to us","dataType":"decimal","nullable":false,"order":null,"sequence":false},{"name":"provider_id","description":"To provider","dataType":"integer","nullable":false,"order":null,"sequence":false},{"name":"reg_date_time","description":"Transaction registration","dataType":"timestamp","nullable":false,"order":null,"sequence":false}],"properties":{},"scripts":[{"key":"transaction_processing.sql","order":1}],"description":"remote transactions table placed  in db schema proc","constraints":[{"name":"transaction_processing_client_fk","type":"foreign","columns":"client_id","enabled":false,"runtimeLevelCheck":false,"constructLevelCheck":true,"reference":{"dataSetKeyName":"transaction_processing","constraintName":"transaction_processing_client_fk"}},{"name":"transaction_processing_pk","type":"primary","columns":"id","enabled":false,"runtimeLevelCheck":false,"constructLevelCheck":true,"reference":null}]}HTTP/1.1 201 
Content-Type: application/json
Transfer-Encoding: chunked
Date: Sat, 08 Nov 2025 09:41:06 GMT

{"keyName":"transaction_dds","nameSpaceKeyName":"DEMO","dataSourceKeyName":"lakehousestorage","fullTableName":"transaction_dds","sources":[{"name":"client_processing","properties":{"fetchSize":"10000"}},{"name":"transaction_processing","properties":{"fetchSize":"10000"}}],"columnSchema":[{"name":"id","description":"tx id","dataType":"bigint","nullable":false,"order":0,"sequence":false},{"name":"amount","description":"Amount paid by the client","dataType":"decimal","nullable":false,"order":null,"sequence":false},{"name":"client_id","description":"from client","dataType":"string","nullable":false,"order":null,"sequence":false},{"name":"client_name","description":"Client name","dataType":"string","nullable":false,"order":null,"sequence":false},{"name":"commission","description":"Commission due to us","dataType":"string","nullable":false,"order":null,"sequence":false},{"name":"provider_id","description":"To provider","dataType":"string","nullable":false,"order":null,"sequence":false},{"name":"reg_date_time","description":"Transaction registration","dataType":"timestamp","nullable":false,"order":null,"sequence":false}],"properties":{"using":"iceberg","location":"/mytabs/transaction_dds"},"scripts":[{"key":"transaction_dds.sql","order":null}],"description":"Details","constraints":[{"name":"transaction_dds_pk","type":"primary","columns":"id","enabled":false,"runtimeLevelCheck":false,"constructLevelCheck":true,"reference":null}]}HTTP/1.1 201 
Content-Type: application/json
Transfer-Encoding: chunked
Date: Sat, 08 Nov 2025 09:41:06 GMT

{"keyName":"aggregation_pay_per_client_daily_mart","nameSpaceKeyName":"DEMO","dataSourceKeyName":"lakehousestorage","fullTableName":"aggregation_pay_per_client_daily_mart","sources":[{"name":"transaction_dds","properties":{}}],"columnSchema":[{"name":"client_name","description":"Name of client","dataType":"string","nullable":false,"order":null,"sequence":false},{"name":"reg_date","description":"Truncated reg date time for daily aggregation","dataType":"date","nullable":false,"order":null,"sequence":false},{"name":"sum_amount","description":"Sum by client","dataType":"decimal","nullable":false,"order":null,"sequence":false},{"name":"sum_commission","description":"Our profit)","dataType":"decimal","nullable":false,"order":null,"sequence":false}],"properties":{"using":"iceberg","location":"/demo/datamarts/aggregation_pay_per_client_daily_mart"},"scripts":[{"key":"aggregation_pay_per_client_daily_mart.sql","order":null}],"description":"We want to know who our most profitable clients are","constraints":[{"name":"aggregation_pay_per_client_daily_mart_pk","type":"primary","columns":"client_name,reg_date","enabled":false,"runtimeLevelCheck":false,"constructLevelCheck":true,"reference":null}]}HTTP/1.1 201 
Content-Type: application/json
Transfer-Encoding: chunked
Date: Sat, 08 Nov 2025 09:41:06 GMT

{"keyName":"aggregation_pay_per_client_total_mart","nameSpaceKeyName":"DEMO","dataSourceKeyName":"lakehousestorage","fullTableName":"ggregation_pay_per_client_total_mart","sources":[{"name":"transaction_dds","properties":{}}],"columnSchema":[{"name":"client_name","description":"Name of client","dataType":"string","nullable":false,"order":null,"sequence":false},{"name":"sum_amount","description":"Sum by client","dataType":"decimal","nullable":false,"order":null,"sequence":false},{"name":"sum_commission","description":"Our profit)","dataType":"decimal","nullable":false,"order":null,"sequence":false}],"properties":{"using":"iceberg","location":"/demo/datamarts/aggregation_pay_per_client_total_mart"},"scripts":[{"key":"aggregation_pay_per_client_total_mart.sql","order":null}],"description":"We want to know who our most profitable clients are","constraints":[{"name":"aggregation_pay_per_client_total_mart_pk","type":"primary","columns":"client_name","enabled":false,"runtimeLevelCheck":false,"constructLevelCheck":true,"reference":null}]}HTTP/1.1 201 
Content-Type: application/json
Transfer-Encoding: chunked
Date: Sat, 08 Nov 2025 09:41:06 GMT

{"name":"default","description":"Default data transformation group"}HTTP/1.1 201 
Content-Type: application/json
Transfer-Encoding: chunked
Date: Sat, 08 Nov 2025 09:41:06 GMT

{"name":"state-exe","description":"State control group"}HTTP/1.1 201 
Content-Type: application/json
Transfer-Encoding: chunked
Date: Sat, 08 Nov 2025 09:41:07 GMT

{"name":"default","description":"Default scenario","tasks":[{"name":"merge","taskExecutionServiceGroupName":"default","executionModule":"org.lakehouse.taskexecutor.executionmodule.datamanipulation.MergeProcessor","importance":"critical","description":"load from remote datastore","executionModuleArgs":{"spark.executor.memory":"5g","spark.driver.memory":"2g","spark.driver.cores":"3"}},{"name":"apply","taskExecutionServiceGroupName":"default","executionModule":"org.lakehouse.taskexecutor.executionmodule.datamanipulation.ApplyProcessor","importance":"critical","description":"load from remote datastore","executionModuleArgs":{}},{"name":"begin","taskExecutionServiceGroupName":"state-exe","executionModule":"org.lakehouse.taskexecutor.executionmodule.state.LockedStateTaskProcessor","importance":"critical","description":"Made interval status RUNNING","executionModuleArgs":{}},{"name":"finally","taskExecutionServiceGroupName":"state-exe","executionModule":"org.lakehouse.taskexecutor.executionmodule.state.SuccessStateTaskProcessor","importance":"critical","description":"DataSet success","executionModuleArgs":{}},{"name":"load","taskExecutionServiceGroupName":"default","executionModule":"org.lakehouse.taskexecutor.executionmodule.SparkTaskProcessor","importance":"critical","description":"load from remote datastore","executionModuleArgs":{"spark.executor.memory":"5g","spark.driver.memory":"2g"}},{"name":"dataQualityAfterCritical","taskExecutionServiceGroupName":"default","executionModule":"org.lakehouse.taskexecutor.executionmodule.datamanipulation.DataQualityAfterCriticalProcessor","importance":"critical","description":"load from remote datastore","executionModuleArgs":{}},{"name":"dataQualityAfterWarn","taskExecutionServiceGroupName":"default","executionModule":"org.lakehouse.taskexecutor.executionmodule.datamanipulation.DataQualityAfterWarnProcessor","importance":"critical","description":"load from remote datastore","executionModuleArgs":{}},{"name":"check","taskExecutionServiceGroupName":"state-exe","executionModule":"org.lakehouse.taskexecutor.executionmodule.state.DependencyCheckStateTaskProcessor","importance":"critical","description":"Dependency check","executionModuleArgs":{}},{"name":"dataQualityBeforeApply","taskExecutionServiceGroupName":"default","executionModule":"org.lakehouse.taskexecutor.executionmodule.datamanipulation.DataQualityBeforeProcessor","importance":"warn","description":"load from remote datastore","executionModuleArgs":{}}],"dagEdges":[{"from":"begin","to":"load"},{"from":"check","to":"begin"},{"from":"apply","to":"dataQualityAfterCritical"},{"from":"merge","to":"dataQualityBeforeApply"},{"from":"dataQualityAfterCritical","to":"finally"},{"from":"dataQualityBeforeApply","to":"apply"},{"from":"load","to":"merge"},{"from":"apply","to":"dataQualityAfterWarn"}]}HTTP/1.1 201
Content-Type: application/json
Transfer-Encoding: chunked
Date: Sat, 08 Nov 2025 09:41:07 GMT

{"name":"source","description":"Default scenario","tasks":[{"name":"finally","taskExecutionServiceGroupName":"state-exe","executionModule":"org.lakehouse.taskexecutor.executionmodule.state.SuccessStateTaskProcessor","importance":"critical","description":"Made dataset interval status SUCCESS","executionModuleArgs":{}},{"name":"begin","taskExecutionServiceGroupName":"state-exe","executionModule":"org.lakehouse.taskexecutor.executionmodule.state.LockedStateTaskProcessor","importance":"critical","description":"Made dataset interval status Locked","executionModuleArgs":{}},{"name":"load","taskExecutionServiceGroupName":"default","executionModule":"org.lakehouse.taskexecutor.executionmodule.JdbcTaskProcessor","importance":"critical","description":"load data","executionModuleArgs":{}}],"dagEdges":[{"from":"begin","to":"load"},{"from":"load","to":"finally"}]}HTTP/1.1 201
Content-Type: application/json
Transfer-Encoding: chunked
Date: Sat, 08 Nov 2025 09:41:07 GMT

{"name":"regular","description":"regular schedule for client transactions","intervalExpression":"@daily","startDateTime":"2025-02-01T00:00:00.0+00:00","stopDateTime":null,"scenarioActEdges":[{"from":"transaction_dds","to":"aggregation_pay_per_client_daily_mart"},{"from":"transaction_dds","to":"aggregation_pay_per_client_total_mart"}],"enabled":true,"scenarioActs":[{"name":"aggregation_pay_per_client_daily_mart","dataSet":"aggregation_pay_per_client_daily_mart","tasks":[],"dagEdges":[],"intervalStart":"{{ adddays(targetDateTimeTZ, -1) }}","intervalEnd":"{{ targetDateTimeTZ }}","scenarioActTemplate":"default"},{"name":"transaction_dds","dataSet":"transaction_dds","tasks":[],"dagEdges":[],"intervalStart":"{{ adddays(targetDateTimeTZ, -1) }}","intervalEnd":"{{ targetDateTimeTZ }}","scenarioActTemplate":"default"},{"name":"aggregation_pay_per_client_total_mart","dataSet":"aggregation_pay_per_client_total_mart","tasks":[],"dagEdges":[],"intervalStart":"{{ adddays(targetDateTimeTZ, -1) }}","intervalEnd":"{{ targetDateTimeTZ }}","scenarioActTemplate":"default"}]}HTTP/1.1 201 
Content-Type: application/json
Transfer-Encoding: chunked
Date: Sat, 08 Nov 2025 09:41:07 GMT

{"name":"initial","description":"initial schedule for client transactions","intervalExpression":"@monthly","startDateTime":"2025-01-01T00:00:00Z","stopDateTime":null,"scenarioActEdges":[{"from":"transaction_dds","to":"aggregation_pay_per_client_daily_mart"},{"from":"transaction_dds","to":"aggregation_pay_per_client_total_mart"}],"enabled":true,"scenarioActs":[{"name":"aggregation_pay_per_client_daily_mart","dataSet":"aggregation_pay_per_client_daily_mart","tasks":[],"dagEdges":[],"intervalStart":"{{ addmonths(targetDateTimeTZ, -1) }}","intervalEnd":"{{ targetDateTimeTZ }}","scenarioActTemplate":"default"},{"name":"transaction_dds","dataSet":"transaction_dds","tasks":[],"dagEdges":[],"intervalStart":"{{ addmonths(targetDateTimeTZ, -1) }}","intervalEnd":"{{ targetDateTimeTZ }}","scenarioActTemplate":"default"},{"name":"aggregation_pay_per_client_total_mart","dataSet":"aggregation_pay_per_client_total_mart","tasks":[],"dagEdges":[],"intervalStart":"{{ addmonths(targetDateTimeTZ, -1) }}","intervalEnd":"{{ targetDateTimeTZ }}","scenarioActTemplate":"default"}]}HTTP/1.1 201 
Content-Type: application/json
Transfer-Encoding: chunked
Date: Sat, 08 Nov 2025 09:41:07 GMT

{"name":"generateSourceDict","description":"regular schedule for client transactions","intervalExpression":"@daily","startDateTime":"2025-01-01T00:00:00.0+00:00","stopDateTime":null,"scenarioActEdges":[],"enabled":true,"scenarioActs":[{"name":"client_processing","dataSet":"client_processing","tasks":[],"dagEdges":[],"intervalStart":"{{ adddays(targetDateTimeTZ, -1) }}","intervalEnd":"{{ targetDateTimeTZ }}","scenarioActTemplate":"source"}]}HTTP/1.1 201 
Content-Type: application/json
Transfer-Encoding: chunked
Date: Sat, 08 Nov 2025 09:41:07 GMT

{"name":"generateSource","description":"regular schedule for client transactions","intervalExpression":"@daily","startDateTime":"2025-01-01T00:00:00.0+00:00","stopDateTime":null,"scenarioActEdges":[],"enabled":true,"scenarioActs":[{"name":"transaction_processing","dataSet":"transaction_processing","tasks":[],"dagEdges":[],"intervalStart":"{{ adddays(targetDateTimeTZ, -1) }}","intervalEnd":"{{ targetDateTimeTZ }}","scenarioActTemplate":"source"}]}HTTP/1.1 200 
Content-Type: application/json
Transfer-Encoding: chunked
Date: Sat, 08 Nov 2025 09:41:07 GMT

{"name":"initial","description":"initial schedule for client transactions","intervalExpression":"@monthly","startDateTime":"2025-01-01T00:00:00Z","stopDateTime":null,"scenarioActEdges":[{"from":"transaction_dds","to":"aggregation_pay_per_client_daily_mart"},{"from":"transaction_dds","to":"aggregation_pay_per_client_total_mart"}],"enabled":true,"lastChangeNumber":6,"lastChangedDateTime":"2025-11-08T09:41:07.159779Z","scenarioActs":[{"name":"transaction_dds","dataSet":"transaction_dds","tasks":[{"name":"merge","taskExecutionServiceGroupName":"default","executionModule":"org.lakehouse.taskexecutor.executionmodule.datamanipulation.MergeProcessor","importance":"critical","description":"load from remote datastore","executionModuleArgs":{"spark.executor.memory":"5g","spark.driver.memory":"2g","spark.driver.cores":"3"}},{"name":"apply","taskExecutionServiceGroupName":"default","executionModule":"org.lakehouse.taskexecutor.executionmodule.datamanipulation.ApplyProcessor","importance":"critical","description":"load from remote datastore","executionModuleArgs":{}},{"name":"begin","taskExecutionServiceGroupName":"state-exe","executionModule":"org.lakehouse.taskexecutor.executionmodule.state.LockedStateTaskProcessor","importance":"critical","description":"Made interval status RUNNING","executionModuleArgs":{}},{"name":"finally","taskExecutionServiceGroupName":"state-exe","executionModule":"org.lakehouse.taskexecutor.executionmodule.state.SuccessStateTaskProcessor","importance":"critical","description":"DataSet success","executionModuleArgs":{}},{"name":"load","taskExecutionServiceGroupName":"default","executionModule":"org.lakehouse.taskexecutor.executionmodule.SparkTaskProcessor","importance":"critical","description":"load from remote datastore","executionModuleArgs":{"spark.executor.memory":"5g","spark.driver.memory":"2g"}},{"name":"dataQualityAfterCritical","taskExecutionServiceGroupName":"default","executionModule":"org.lakehouse.taskexecutor.executionmodule.datamanipulation.DataQualityAfterCriticalProcessor","importance":"critical","description":"load from remote datastore","executionModuleArgs":{}},{"name":"dataQualityAfterWarn","taskExecutionServiceGroupName":"default","executionModule":"org.lakehouse.taskexecutor.executionmodule.datamanipulation.DataQualityAfterWarnProcessor","importance":"critical","description":"load from remote datastore","executionModuleArgs":{}},{"name":"check","taskExecutionServiceGroupName":"state-exe","executionModule":"org.lakehouse.taskexecutor.executionmodule.state.DependencyCheckStateTaskProcessor","importance":"critical","description":"Dependency check","executionModuleArgs":{}},{"name":"dataQualityBeforeApply","taskExecutionServiceGroupName":"default","executionModule":"org.lakehouse.taskexecutor.executionmodule.datamanipulation.DataQualityBeforeProcessor","importance":"warn","description":"load from remote datastore","executionModuleArgs":{}}],"dagEdges":[{"from":"begin","to":"load"},{"from":"check","to":"begin"},{"from":"apply","to":"dataQualityAfterCritical"},{"from":"merge","to":"dataQualityBeforeApply"},{"from":"dataQualityAfterCritical","to":"finally"},{"from":"dataQualityBeforeApply","to":"apply"},{"from":"load","to":"merge"},{"from":"apply","to":"dataQualityAfterWarn"}],"intervalStart":"{{ addmonths(targetDateTimeTZ, -1) }}","intervalEnd":"{{ targetDateTimeTZ }}"},{"name":"aggregation_pay_per_client_daily_mart","dataSet":"aggregation_pay_per_client_daily_mart","tasks":[{"name":"merge","taskExecutionServiceGroupName":"default","executionModule":"org.lakehouse.taskexecutor.executionmodule.datamanipulation.MergeProcessor","importance":"critical","description":"load from remote datastore","executionModuleArgs":{"spark.executor.memory":"5g","spark.driver.memory":"2g","spark.driver.cores":"3"}},{"name":"apply","taskExecutionServiceGroupName":"default","executionModule":"org.lakehouse.taskexecutor.executionmodule.datamanipulation.ApplyProcessor","importance":"critical","description":"load from remote datastore","executionModuleArgs":{}},{"name":"begin","taskExecutionServiceGroupName":"state-exe","executionModule":"org.lakehouse.taskexecutor.executionmodule.state.LockedStateTaskProcessor","importance":"critical","description":"Made interval status RUNNING","executionModuleArgs":{}},{"name":"finally","taskExecutionServiceGroupName":"state-exe","executionModule":"org.lakehouse.taskexecutor.executionmodule.state.SuccessStateTaskProcessor","importance":"critical","description":"DataSet success","executionModuleArgs":{}},{"name":"load","taskExecutionServiceGroupName":"default","executionModule":"org.lakehouse.taskexecutor.executionmodule.SparkTaskProcessor","importance":"critical","description":"load from remote datastore","executionModuleArgs":{"spark.executor.memory":"5g","spark.driver.memory":"2g"}},{"name":"dataQualityAfterCritical","taskExecutionServiceGroupName":"default","executionModule":"org.lakehouse.taskexecutor.executionmodule.datamanipulation.DataQualityAfterCriticalProcessor","importance":"critical","description":"load from remote datastore","executionModuleArgs":{}},{"name":"dataQualityAfterWarn","taskExecutionServiceGroupName":"default","executionModule":"org.lakehouse.taskexecutor.executionmodule.datamanipulation.DataQualityAfterWarnProcessor","importance":"critical","description":"load from remote datastore","executionModuleArgs":{}},{"name":"check","taskExecutionServiceGroupName":"state-exe","executionModule":"org.lakehouse.taskexecutor.executionmodule.state.DependencyCheckStateTaskProcessor","importance":"critical","description":"Dependency check","executionModuleArgs":{}},{"name":"dataQualityBeforeApply","taskExecutionServiceGroupName":"default","executionModule":"org.lakehouse.taskexecutor.executionmodule.datamanipulation.DataQualityBeforeProcessor","importance":"warn","description":"load from remote datastore","executionModuleArgs":{}}],"dagEdges":[{"from":"begin","to":"load"},{"from":"check","to":"begin"},{"from":"apply","to":"dataQualityAfterCritical"},{"from":"merge","to":"dataQualityBeforeApply"},{"from":"dataQualityAfterCritical","to":"finally"},{"from":"dataQualityBeforeApply","to":"apply"},{"from":"load","to":"merge"},{"from":"apply","to":"dataQualityAfterWarn"}],"intervalStart":"{{ addmonths(targetDateTimeTZ, -1) }}","intervalEnd":"{{ targetDateTimeTZ }}"},{"name":"aggregation_pay_per_client_total_mart","dataSet":"aggregation_pay_per_client_total_mart","tasks":[{"name":"merge","taskExecutionServiceGroupName":"default","executionModule":"org.lakehouse.taskexecutor.executionmodule.datamanipulation.MergeProcessor","importance":"critical","description":"load from remote datastore","executionModuleArgs":{"spark.executor.memory":"5g","spark.driver.memory":"2g","spark.driver.cores":"3"}},{"name":"apply","taskExecutionServiceGroupName":"default","executionModule":"org.lakehouse.taskexecutor.executionmodule.datamanipulation.ApplyProcessor","importance":"critical","description":"load from remote datastore","executionModuleArgs":{}},{"name":"begin","taskExecutionServiceGroupName":"state-exe","executionModule":"org.lakehouse.taskexecutor.executionmodule.state.LockedStateTaskProcessor","importance":"critical","description":"Made interval status RUNNING","executionModuleArgs":{}},{"name":"finally","taskExecutionServiceGroupName":"state-exe","executionModule":"org.lakehouse.taskexecutor.executionmodule.state.SuccessStateTaskProcessor","importance":"critical","description":"DataSet success","executionModuleArgs":{}},{"name":"load","taskExecutionServiceGroupName":"default","executionModule":"org.lakehouse.taskexecutor.executionmodule.SparkTaskProcessor","importance":"critical","description":"load from remote datastore","executionModuleArgs":{"spark.executor.memory":"5g","spark.driver.memory":"2g"}},{"name":"dataQualityAfterCritical","taskExecutionServiceGroupName":"default","executionModule":"org.lakehouse.taskexecutor.executionmodule.datamanipulation.DataQualityAfterCriticalProcessor","importance":"critical","description":"load from remote datastore","executionModuleArgs":{}},{"name":"dataQualityAfterWarn","taskExecutionServiceGroupName":"default","executionModule":"org.lakehouse.taskexecutor.executionmodule.datamanipulation.DataQualityAfterWarnProcessor","importance":"critical","description":"load from remote datastore","executionModuleArgs":{}},{"name":"check","taskExecutionServiceGroupName":"state-exe","executionModule":"org.lakehouse.taskexecutor.executionmodule.state.DependencyCheckStateTaskProcessor","importance":"critical","description":"Dependency check","executionModuleArgs":{}},{"name":"dataQualityBeforeApply","taskExecutionServiceGroupName":"default","executionModule":"org.lakehouse.taskexecutor.executionmodule.datamanipulation.DataQualityBeforeProcessor","importance":"warn","description":"load from remote datastore","executionModuleArgs":{}}],"dagEdges":[{"from":"begin","to":"load"},{"from":"check","to":"begin"},{"from":"apply","to":"dataQualityAfterCritical"},{"from":"merge","to":"dataQualityBeforeApply"},{"from":"dataQualityAfterCritical","to":"finally"},{"from":"dataQualityBeforeApply","to":"apply"},{"from":"load","to":"merge"},{"from":"apply","to":"dataQualityAfterWarn"}],"intervalStart":"{{ addmonths(targetDateTimeTZ, -1) }}","intervalEnd":"{{ targetDateTimeTZ }}"}]}HTTP/1.1 201
Content-Length: 0
Date: Sat, 08 Nov 2025 09:41:07 GMT

